0 info it worked if it ends with ok
1 verbose cli [ '/Users/elena/.nvm/versions/node/v6.9.2/bin/node',
1 verbose cli   '/Users/elena/.nvm/versions/node/v6.9.2/bin/npm',
1 verbose cli   'run',
1 verbose cli   'test' ]
2 info using npm@3.10.9
3 info using node@v6.9.2
4 verbose run-script [ 'pretest', 'test', 'posttest' ]
5 info lifecycle carto-api-client@0.0.1~pretest: carto-api-client@0.0.1
6 silly lifecycle carto-api-client@0.0.1~pretest: no script for pretest, continuing
7 info lifecycle carto-api-client@0.0.1~test: carto-api-client@0.0.1
8 verbose lifecycle carto-api-client@0.0.1~test: unsafe-perm in lifecycle true
9 verbose lifecycle carto-api-client@0.0.1~test: PATH: /Users/elena/.nvm/versions/node/v6.9.2/lib/node_modules/npm/bin/node-gyp-bin:/Users/elena/Projects/CARTO/carto-node/node_modules/.bin:/Users/elena/.rvm/gems/ruby-2.2.3/bin:/Users/elena/.rvm/gems/ruby-2.2.3@global/bin:/Users/elena/.rvm/rubies/ruby-2.2.3/bin:/usr/local/bin:/Users/elena/.nvm/versions/node/v6.9.2/bin:/usr/local/opt/libxml2/bin:/opt/local/bin:/opt/local/sbin:/usr/local/bin:/usr/bin:/bin:/usr/sbin:/sbin:/opt/X11/bin:/Applications/Postgres.app/Contents/Versions/latest/bin:/Users/elena/node_modules/grunt-cli/bin:/Users/elena/.rvm/bin
10 verbose lifecycle carto-api-client@0.0.1~test: CWD: /Users/elena/Projects/CARTO/carto-node
11 silly lifecycle carto-api-client@0.0.1~test: Args: [ '-c',
11 silly lifecycle   'mocha \'./tests/test.js\' --compilers js:babel-core/register' ]
12 silly lifecycle carto-api-client@0.0.1~test: Returned: code: 1  signal: null
13 info lifecycle carto-api-client@0.0.1~test: Failed to exec test script
14 verbose stack Error: carto-api-client@0.0.1 test: `mocha './tests/test.js' --compilers js:babel-core/register`
14 verbose stack Exit status 1
14 verbose stack     at EventEmitter.<anonymous> (/Users/elena/.nvm/versions/node/v6.9.2/lib/node_modules/npm/lib/utils/lifecycle.js:255:16)
14 verbose stack     at emitTwo (events.js:106:13)
14 verbose stack     at EventEmitter.emit (events.js:191:7)
14 verbose stack     at ChildProcess.<anonymous> (/Users/elena/.nvm/versions/node/v6.9.2/lib/node_modules/npm/lib/utils/spawn.js:40:14)
14 verbose stack     at emitTwo (events.js:106:13)
14 verbose stack     at ChildProcess.emit (events.js:191:7)
14 verbose stack     at maybeClose (internal/child_process.js:877:16)
14 verbose stack     at Process.ChildProcess._handle.onexit (internal/child_process.js:226:5)
15 verbose pkgid carto-api-client@0.0.1
16 verbose cwd /Users/elena/Projects/CARTO/carto-node
17 error Darwin 16.7.0
18 error argv "/Users/elena/.nvm/versions/node/v6.9.2/bin/node" "/Users/elena/.nvm/versions/node/v6.9.2/bin/npm" "run" "test"
19 error node v6.9.2
20 error npm  v3.10.9
21 error code ELIFECYCLE
22 error carto-api-client@0.0.1 test: `mocha './tests/test.js' --compilers js:babel-core/register`
22 error Exit status 1
23 error Failed at the carto-api-client@0.0.1 test script 'mocha './tests/test.js' --compilers js:babel-core/register'.
23 error Make sure you have the latest version of node.js and npm installed.
23 error If you do, this is most likely a problem with the carto-api-client package,
23 error not with npm itself.
23 error Tell the author that this fails on your system:
23 error     mocha './tests/test.js' --compilers js:babel-core/register
23 error You can get information on how to open an issue for this project with:
23 error     npm bugs carto-api-client
23 error Or if that isn't available, you can get their info via:
23 error     npm owner ls carto-api-client
23 error There is likely additional logging output above.
24 verbose exit [ 1, true ]
